<?xml version="1.0" encoding="UTF-8"?>
<!-- Generated by org.testng.reporters.JUnitReportReporter -->
<testsuite skipped="0" hostname="lenovo-PC" name="org.login.Parameters" tests="2" failures="0" timestamp="21 Nov 2021 15:06:26 GMT" time="0.268" errors="0">
  <testcase name="tco3" time="0.138" classname="org.login.Parameters"/>
  <testcase name="tc02" time="0.130" classname="org.login.Parameters"/>
</testsuite> <!-- org.login.Parameters -->
