<?xml version="1.0" encoding="UTF-8"?>
<!-- Generated by org.testng.reporters.JUnitReportReporter -->
<testsuite skipped="0" hostname="lenovo-PC" name="org.login.DataProvider" tests="1" failures="0" timestamp="23 Nov 2021 05:59:49 GMT" time="18.290" errors="0">
  <testcase name="faceBook" time="18.290" classname="org.login.DataProvider"/>
</testsuite> <!-- org.login.DataProvider -->
