<?xml version="1.0" encoding="UTF-8"?>
<!-- Generated by org.testng.reporters.JUnitReportReporter -->
<testsuite skipped="0" hostname="lenovo-PC" name="org.login.TestNG" tests="3" failures="0" timestamp="17 Nov 2021 17:08:57 GMT" time="0.030" errors="0">
  <testcase name="empName" time="0.024" classname="org.login.TestNG"/>
  <testcase name="empAddress" time="0.003" classname="org.login.TestNG"/>
  <testcase name="empId" time="0.003" classname="org.login.TestNG"/>
</testsuite> <!-- org.login.TestNG -->
