<?xml version="1.0" encoding="UTF-8"?>
<!-- Generated by org.testng.reporters.JUnitReportReporter -->
<testsuite skipped="0" hostname="lenovo-PC" name="org.login.TestNG1" tests="3" failures="0" timestamp="17 Nov 2021 15:44:57 GMT" time="0.027" errors="0">
  <testcase name="empName" time="0.023" classname="org.login.TestNG1"/>
  <testcase name="empAddress" time="0.002" classname="org.login.TestNG1"/>
  <testcase name="empId" time="0.002" classname="org.login.TestNG1"/>
</testsuite> <!-- org.login.TestNG1 -->
