<?xml version="1.0" encoding="UTF-8"?>
<!-- Generated by org.testng.reporters.JUnitReportReporter -->
<testsuite skipped="0" hostname="lenovo-PC" name="org.login.Grouping" tests="3" failures="0" timestamp="21 Nov 2021 13:56:58 GMT" time="0.040" errors="0">
  <testcase name="tc06" time="0.009" classname="org.login.Grouping"/>
  <testcase name="tc01" time="0.025" classname="org.login.Grouping"/>
  <testcase name="tc03" time="0.006" classname="org.login.Grouping"/>
</testsuite> <!-- org.login.Grouping -->
