<?xml version="1.0" encoding="UTF-8"?>
<!-- Generated by org.testng.reporters.JUnitReportReporter -->
<testsuite skipped="0" hostname="lenovo-PC" name="org.login.AssertPractice" tests="1" failures="0" timestamp="21 Nov 2021 14:26:58 GMT" time="0.026" errors="0">
  <testcase name="tco1" time="0.026" classname="org.login.AssertPractice"/>
</testsuite> <!-- org.login.AssertPractice -->
